Thread-Name,x,y,time,IsPotential
Thread-0,261,16,1,false
Thread-1,217,234,1,false
Thread-2,149,20,1,false
Thread-3,260,85,1,false
Thread-4,45,204,1,false
Thread-5,136,59,1,false
Thread-6,159,265,1,false
Thread-7,168,241,1,false
Thread-8,183,263,1,false
Thread-9,241,199,1,false
Thread-10,36,64,1,false
Thread-11,222,164,1,false
Thread-12,65,27,1,false
Thread-13,174,14,1,false
Thread-15,126,213,1,false
Thread-16,7,74,1,false
Thread-17,237,101,1,false
Thread-18,181,147,1,false
Thread-19,99,177,1,false
Thread-20,99,234,1,false
Thread-21,116,144,1,false
Thread-22,120,220,1,false
Thread-23,245,52,1,false
Thread-24,245,236,1,false
Thread-25,62,85,1,false
Thread-26,238,138,1,false
Thread-27,109,97,1,false
Thread-28,34,224,1,false
Thread-30,153,68,1,false
Thread-31,26,259,1,false
Thread-0,271,6,2,false
Thread-1,227,244,2,false
Thread-2,149,20,2,false
Thread-3,270,75,2,false
Thread-4,35,194,2,false
Thread-5,146,69,2,false
Thread-6,169,255,2,false
Thread-7,178,231,2,false
Thread-8,173,263,2,false
Thread-9,231,199,2,false
Thread-10,36,44,2,false
Thread-11,242,144,2,false
Thread-12,65,17,2,false
Thread-13,164,4,2,false
Thread-15,136,203,2,false
Thread-16,7,74,2,false
Thread-17,227,101,2,false
Thread-18,201,127,2,false
Thread-19,119,157,2,false
Thread-20,99,234,2,false
Thread-21,136,124,2,false
Thread-22,130,230,2,false
Thread-23,255,52,2,false
Thread-24,255,246,2,false
Thread-25,62,95,2,false
Thread-26,238,138,2,false
Thread-27,89,117,2,false
Thread-28,54,204,2,false
Thread-30,163,78,2,false
Thread-31,36,249,2,false
Thread-0,271,6,3,false
Thread-1,217,244,3,false
Thread-2,149,10,3,false
Thread-3,270,65,3,false
Thread-4,25,204,3,false
Thread-5,136,79,3,false
Thread-6,149,255,3,false
Thread-7,188,231,3,false
Thread-8,183,253,3,false
Thread-9,251,179,3,false
Thread-10,26,54,3,false
Thread-11,232,154,3,false
Thread-12,55,27,3,false
Thread-13,164,4,3,false
Thread-15,146,193,3,false
Thread-16,17,74,3,false
Thread-17,237,91,3,false
Thread-18,191,127,3,false
Thread-19,119,157,3,false
Thread-20,79,214,3,false
Thread-21,126,124,3,false
Thread-22,130,240,3,false
Thread-23,235,52,3,false
Thread-24,255,246,3,false
Thread-25,52,85,3,false
Thread-26,238,128,3,false
Thread-27,79,127,3,false
Thread-28,54,204,3,false
Thread-30,173,88,3,false
Thread-31,16,249,3,false
Thread-0,271,6,4,false
Thread-1,207,244,4,false
Thread-2,149,0,4,false
Thread-3,270,55,4,false
Thread-4,15,204,4,false
Thread-5,136,89,4,false
Thread-6,149,255,4,false
Thread-7,178,221,4,false
Thread-8,173,263,4,false
Thread-9,251,169,4,false
Thread-10,26,54,4,false
Thread-11,232,144,4,false
Thread-12,65,27,4,false
Thread-13,164,14,4,false
Thread-15,156,183,4,false
Thread-16,17,84,4,false
Thread-17,227,81,4,false
Thread-18,181,117,4,false
Thread-19,119,177,4,false
Thread-20,79,214,4,false
Thread-21,136,134,4,false
Thread-22,140,230,4,false
Thread-23,235,42,4,false
Thread-24,275,226,4,false
Thread-25,42,75,4,false
Thread-26,218,128,4,false
Thread-27,79,127,4,false
Thread-28,44,204,4,false
Thread-30,183,88,4,false
Thread-31,6,249,4,false
Thread-0,271,6,5,false
Thread-1,217,244,5,false
Thread-2,149,0,5,false
Thread-3,290,55,5,false
Thread-4,15,224,5,false
Thread-5,146,79,5,false
Thread-6,149,275,5,false
Thread-7,168,221,5,false
Thread-8,163,263,5,false
Thread-9,261,159,5,false
Thread-10,16,44,5,false
Thread-11,252,144,5,false
Thread-12,75,37,5,false
Thread-13,164,4,5,false
Thread-15,146,193,5,false
Thread-16,17,104,5,false
Thread-17,227,81,5,false
Thread-18,171,127,5,false
Thread-19,119,177,5,false
Thread-20,69,214,5,false
Thread-21,146,134,5,false
Thread-22,140,230,5,false
Thread-23,255,62,5,false
Thread-24,285,226,5,false
Thread-25,42,75,5,false
Thread-26,228,138,5,false
Thread-27,59,147,5,false
Thread-28,54,214,5,false
Thread-30,173,98,5,false
Thread-31,6,249,5,false
Thread-0,261,6,6,false
Thread-1,217,244,6,false
Thread-2,149,0,6,false
Thread-3,290,55,6,false
Thread-4,15,214,6,false
Thread-5,146,89,6,false
Thread-6,139,275,6,false
Thread-7,178,211,6,false
Thread-8,163,273,6,false
Thread-9,251,169,6,false
Thread-10,26,54,6,false
Thread-11,262,134,6,false
Thread-12,75,37,6,false
Thread-13,154,4,6,true
Thread-15,156,203,6,false
Thread-16,7,104,6,false
Thread-17,217,81,6,false
Thread-18,181,137,6,false
Thread-19,109,177,6,false
Thread-20,79,214,6,false
Thread-21,146,154,6,false
Thread-22,140,240,6,false
Thread-23,255,62,6,false
Thread-24,285,236,6,false
Thread-25,52,65,6,false
Thread-26,218,138,6,false
Thread-27,59,137,6,false
Thread-28,54,204,6,false
Thread-30,173,88,6,false
Thread-31,16,259,6,false
Thread-0,251,6,7,false
Thread-1,217,234,7,false
Thread-2,149,0,7,false
Thread-3,290,75,7,false
Thread-4,15,224,7,false
Thread-5,156,89,7,false
Thread-6,149,265,7,false
Thread-7,188,211,7,false
Thread-8,153,263,7,false
Thread-9,261,169,7,false
Thread-10,16,54,7,false
Thread-11,252,124,7,false
Thread-12,95,57,7,false
Thread-13,144,14,7,true
Thread-15,166,203,7,false
Thread-16,7,104,7,false
Thread-17,227,71,7,false
Thread-18,191,137,7,false
Thread-19,99,167,7,false
Thread-20,69,214,7,false
Thread-21,146,154,7,false
Thread-22,130,250,7,false
Thread-23,245,72,7,false
Thread-24,295,226,7,false
Thread-25,42,75,7,false
Thread-26,218,138,7,false
Thread-27,59,117,7,false
Thread-28,44,194,7,false
Thread-30,153,88,7,false
Thread-31,6,259,7,false
Thread-0,251,6,8,false
Thread-1,227,224,8,false
Thread-2,159,10,8,false
Thread-3,290,75,8,false
Thread-4,15,234,8,false
Thread-5,146,99,8,false
Thread-6,139,275,8,false
Thread-7,198,201,8,false
Thread-8,143,253,8,false
Thread-9,251,159,8,false
Thread-10,26,64,8,false
Thread-11,242,124,8,false
Thread-12,105,67,8,false
Thread-13,134,14,8,true
Thread-15,176,213,8,false
Thread-16,17,94,8,false
Thread-17,227,81,8,false
Thread-18,201,127,8,false
Thread-19,89,177,8,false
Thread-20,59,214,8,false
Thread-21,166,134,8,false
Thread-22,120,250,8,false
Thread-23,255,62,8,false
Thread-24,295,246,8,false
Thread-25,52,65,8,false
Thread-26,218,128,8,false
Thread-27,49,117,8,false
Thread-28,24,174,8,false
Thread-30,153,88,8,false
Thread-31,6,259,8,false
Thread-0,241,16,9,false
Thread-1,237,214,9,false
Thread-2,149,0,9,false
Thread-3,290,85,9,false
Thread-4,15,234,9,false
Thread-5,146,99,9,false
Thread-6,129,275,9,false
Thread-7,178,201,9,false
Thread-8,143,253,9,false
Thread-9,261,169,9,false
Thread-10,26,74,9,false
Thread-11,252,134,9,false
Thread-12,115,77,9,false
Thread-13,134,14,9,true
Thread-15,186,223,9,false
Thread-16,7,104,9,false
Thread-17,227,81,9,false
Thread-18,201,137,9,false
Thread-19,79,177,9,false
Thread-20,49,224,9,false
Thread-21,166,134,9,false
Thread-22,120,260,9,false
Thread-23,235,42,9,false
Thread-24,295,246,9,false
Thread-25,62,65,9,false
Thread-26,208,118,9,false
Thread-27,29,97,9,false
Thread-28,34,174,9,false
Thread-30,143,78,9,false
Thread-31,16,249,9,false
Thread-0,261,16,10,false
Thread-1,227,204,10,false
Thread-2,149,0,10,false
Thread-3,280,85,10,false
Thread-4,5,234,10,false
Thread-5,146,109,10,false
Thread-6,119,285,10,false
Thread-7,158,221,10,false
Thread-8,123,233,10,false
Thread-9,251,159,10,false
Thread-10,36,74,10,false
Thread-11,242,144,10,false
Thread-12,115,87,10,false
Thread-13,134,4,10,true
Thread-15,166,203,10,false
Thread-16,27,124,10,false
Thread-17,217,91,10,false
Thread-18,201,137,10,false
Thread-19,79,167,10,false
Thread-20,49,224,10,false
Thread-21,176,144,10,false
Thread-22,130,270,10,false
Thread-23,225,42,10,false
Thread-24,275,266,10,false
Thread-25,72,75,10,false
Thread-26,218,118,10,false
Thread-27,29,97,10,false
Thread-28,44,184,10,false
Thread-30,153,78,10,false
Thread-31,16,239,10,false
Thread-0,261,6,11,false
Thread-1,227,204,11,false
Thread-2,139,0,11,false
Thread-3,290,95,11,false
Thread-4,5,234,11,false
Thread-5,156,99,11,false
Thread-6,109,285,11,false
Thread-7,148,231,11,false
Thread-8,103,233,11,false
Thread-9,251,149,11,false
Thread-10,36,74,11,false
Thread-11,262,124,11,false
Thread-12,115,77,11,false
Thread-13,134,4,11,true
Thread-15,176,203,11,false
Thread-16,27,114,11,false
Thread-17,197,71,11,false
Thread-18,201,147,11,false
Thread-19,89,157,11,false
Thread-20,59,214,11,false
Thread-21,156,164,11,false
Thread-22,110,270,11,false
Thread-23,215,52,11,false
Thread-24,265,276,11,false
Thread-25,82,65,11,false
Thread-26,208,118,11,false
Thread-27,39,107,11,false
Thread-28,44,194,11,false
Thread-30,153,58,11,false
Thread-31,6,229,11,false
Thread-0,271,16,12,false
Thread-1,207,204,12,false
Thread-2,149,10,12,false
Thread-3,290,105,12,false
Thread-4,15,244,12,false
Thread-5,166,89,12,false
Thread-6,119,285,12,false
Thread-7,148,231,12,false
Thread-8,93,233,12,false
Thread-9,241,159,12,false
Thread-10,16,54,12,false
Thread-11,262,134,12,false
Thread-12,115,67,12,false
Thread-13,124,14,12,true
Thread-15,176,213,12,false
Thread-16,27,94,12,false
Thread-17,197,81,12,false
Thread-18,221,147,12,false
Thread-19,89,167,12,false
Thread-20,59,204,12,false
Thread-21,166,164,12,false
Thread-22,100,280,12,false
Thread-23,205,52,12,false
Thread-24,255,266,12,false
Thread-25,82,85,12,false
Thread-26,208,98,12,false
Thread-27,49,97,12,false
Thread-28,54,204,12,false
Thread-30,143,48,12,false
Thread-31,16,219,12,false
Thread-0,261,16,13,false
Thread-1,217,214,13,false
Thread-2,159,0,13,false
Thread-3,290,105,13,false
Thread-4,5,244,13,false
Thread-5,176,99,13,false
Thread-6,109,275,13,false
Thread-7,158,241,13,false
Thread-8,103,233,13,false
Thread-9,231,149,13,false
Thread-10,16,54,13,false
Thread-11,262,134,13,false
Thread-12,125,57,13,false
Thread-13,134,4,13,true
Thread-15,176,203,13,false
Thread-16,17,104,13,false
Thread-17,207,91,13,false
Thread-18,211,157,13,false
Thread-19,109,187,13,false
Thread-20,49,194,13,false
Thread-21,156,154,13,false
Thread-22,110,270,13,false
Thread-23,205,52,13,false
Thread-24,265,256,13,false
Thread-25,72,95,13,false
Thread-26,208,88,13,false
Thread-27,59,107,13,false
Thread-28,44,214,13,false
Thread-30,153,38,13,false
Thread-31,6,229,13,false
Thread-0,251,26,14,false
Thread-1,207,224,14,false
Thread-2,159,10,14,false
Thread-3,290,105,14,false
Thread-4,5,264,14,false
Thread-5,186,109,14,false
Thread-6,99,275,14,false
Thread-7,158,231,14,false
Thread-8,93,223,14,false
Thread-9,211,169,14,false
Thread-10,36,54,14,false
Thread-11,272,124,14,false
Thread-12,115,47,14,false
Thread-13,134,4,14,true
Thread-15,186,213,14,false
Thread-16,27,114,14,false
Thread-17,207,81,14,false
Thread-18,201,157,14,false
Thread-19,99,197,14,false
Thread-20,49,204,14,false
Thread-21,146,164,14,false
Thread-22,120,270,14,false
Thread-23,205,62,14,false
Thread-24,255,256,14,false
Thread-25,72,85,14,false
Thread-26,208,88,14,false
Thread-27,59,107,14,false
Thread-28,34,214,14,false
Thread-30,143,38,14,false
Thread-31,26,249,14,false
